<?xml version="1.0" encoding="UTF-8"?>
<testng-results skipped="0" failed="0" total="2" passed="2">
  <reporter-output>
  </reporter-output>
  <suite name="Default suite" duration-ms="250" started-at="2015-01-26T12:44:15Z" finished-at="2015-01-26T12:44:16Z">
    <groups>
    </groups>
    <test name="Default test" duration-ms="250" started-at="2015-01-26T12:44:15Z" finished-at="2015-01-26T12:44:16Z">
      <class name="com.finvoices.test.XmlParserServiceTest">
        <test-method status="PASS" signature="initFramework(java.lang.String)[pri:0, instance:com.finvoices.test.XmlParserServiceTest@9f70c54]" name="initFramework" is-config="true" duration-ms="11" started-at="2015-01-26T14:44:15Z" finished-at="2015-01-26T14:44:15Z">
          <params>
            <param index="0">
              <value>
                <![CDATA[src/test/resources/test.xml]]>
              </value>
            </param>
          </params>
          <reporter-output>
          </reporter-output>
        </test-method> <!-- initFramework -->
        <test-method status="PASS" signature="beforeClass()[pri:0, instance:com.finvoices.test.XmlParserServiceTest@9f70c54]" name="beforeClass" is-config="true" duration-ms="0" started-at="2015-01-26T14:44:15Z" finished-at="2015-01-26T14:44:15Z">
          <reporter-output>
          </reporter-output>
        </test-method> <!-- beforeClass -->
        <test-method status="PASS" signature="beforeMethod()[pri:0, instance:com.finvoices.test.XmlParserServiceTest@9f70c54]" name="beforeMethod" is-config="true" duration-ms="0" started-at="2015-01-26T14:44:15Z" finished-at="2015-01-26T14:44:15Z">
          <reporter-output>
          </reporter-output>
        </test-method> <!-- beforeMethod -->
        <test-method status="PASS" signature="testParseXmlFile()[pri:0, instance:com.finvoices.test.XmlParserServiceTest@9f70c54]" name="testParseXmlFile" duration-ms="225" started-at="2015-01-26T14:44:15Z" finished-at="2015-01-26T14:44:16Z">
          <reporter-output>
          </reporter-output>
        </test-method> <!-- testParseXmlFile -->
        <test-method status="PASS" signature="beforeMethod()[pri:0, instance:com.finvoices.test.XmlParserServiceTest@9f70c54]" name="beforeMethod" is-config="true" duration-ms="0" started-at="2015-01-26T14:44:16Z" finished-at="2015-01-26T14:44:16Z">
          <reporter-output>
          </reporter-output>
        </test-method> <!-- beforeMethod -->
        <test-method status="PASS" signature="testUploadXmlFile()[pri:0, instance:com.finvoices.test.XmlParserServiceTest@9f70c54]" name="testUploadXmlFile" duration-ms="6" started-at="2015-01-26T14:44:16Z" finished-at="2015-01-26T14:44:16Z">
          <reporter-output>
          </reporter-output>
        </test-method> <!-- testUploadXmlFile -->
      </class> <!-- com.finvoices.test.XmlParserServiceTest -->
    </test> <!-- Default test -->
  </suite> <!-- Default suite -->
</testng-results>
